File_Id.diz
Rar.exe
Uninstall.lst
Register.txt
Order.txt
Os2.SFX
Descript.ion
WhatsNew.txt
RarFiles.lst
UnRAR.exe
License.txt
WinRAR.hlp
TechNote.txt
UnrarSrc.txt
Dos.SFX
Rar.txt
RarExt.dll
Default.SFX
Zip.SFX
Uninstall.exe
WinRAR.cnt
WinCon.SFX
WinRAR.exe
ReadMe.txt
Formats\lzh.fmt
Formats\tar.fmt
Formats\uue.fmt
Formats\arj.fmt
Formats\cab.fmt
Formats\gz.fmt
Formats\UNACEV2.DLL
Formats\ace.fmt
Formats\bz2.fmt
Formats
rar_site.txt
winrar.gid
winrar.fts
rarlng.dll
rarnew.dat
zipnew.dat
rar.lng
rarext.lng
setup.lng
sfx.lng
uninstall.lng
winrar.lng
